Analysis & Synthesis report for Verilog1
Tue Jan 09 14:14:43 2024
Quartus II 64-Bit Version 13.1.0 Build 162 10/23/2013 SJ Web Edition


---------------------
; Table of Contents ;
---------------------
  1. Legal Notice
  2. Analysis & Synthesis Summary
  3. Analysis & Synthesis Settings
  4. Parallel Compilation
  5. Analysis & Synthesis Source Files Read
  6. Analysis & Synthesis Resource Usage Summary
  7. Analysis & Synthesis Resource Utilization by Entity
  8. User-Specified and Inferred Latches
  9. General Register Statistics
 10. Multiplexer Restructuring Statistics (Restructuring Performed)
 11. Parameter Settings for Inferred Entity Instance: lpm_mult:Mult0
 12. Parameter Settings for Inferred Entity Instance: lpm_mult:Mult0|mult_4et:auto_generated|alt_mac_mult:mac_mult1
 13. Parameter Settings for Inferred Entity Instance: lpm_mult:Mult0|mult_4et:auto_generated|alt_mac_out:mac_out2
 14. lpm_mult Parameter Settings by Entity Instance
 15. Elapsed Time Per Partition
 16. Analysis & Synthesis Messages



----------------
; Legal Notice ;
----------------
Copyright (C) 1991-2013 Altera Corporation
Your use of Altera Corporation's design tools, logic functions 
and other software and tools, and its AMPP partner logic 
functions, and any output files from any of the foregoing 
(including device programming or simulation files), and any 
associated documentation or information are expressly subject 
to the terms and conditions of the Altera Program License 
Subscription Agreement, Altera MegaCore Function License 
Agreement, or other applicable license agreement, including, 
without limitation, that your use is for the sole purpose of 
programming logic devices manufactured by Altera and sold by 
Altera or its authorized distributors.  Please refer to the 
applicable agreement for further details.



+---------------------------------------------------------------------------------+
; Analysis & Synthesis Summary                                                    ;
+------------------------------------+--------------------------------------------+
; Analysis & Synthesis Status        ; Successful - Tue Jan 09 14:14:43 2024      ;
; Quartus II 64-Bit Version          ; 13.1.0 Build 162 10/23/2013 SJ Web Edition ;
; Revision Name                      ; Verilog1                                   ;
; Top-level Entity Name              ; ALU                                        ;
; Family                             ; Cyclone IV GX                              ;
; Total logic elements               ; 91                                         ;
;     Total combinational functions  ; 91                                         ;
;     Dedicated logic registers      ; 0                                          ;
; Total registers                    ; 0                                          ;
; Total pins                         ; 29                                         ;
; Total virtual pins                 ; 0                                          ;
; Total memory bits                  ; 0                                          ;
; Embedded Multiplier 9-bit elements ; 0                                          ;
; Total GXB Receiver Channel PCS     ; 0                                          ;
; Total GXB Receiver Channel PMA     ; 0                                          ;
; Total GXB Transmitter Channel PCS  ; 0                                          ;
; Total GXB Transmitter Channel PMA  ; 0                                          ;
; Total PLLs                         ; 0                                          ;
+------------------------------------+--------------------------------------------+


+----------------------------------------------------------------------------------------------------------------------+
; Analysis & Synthesis Settings                                                                                        ;
+----------------------------------------------------------------------------+--------------------+--------------------+
; Option                                                                     ; Setting            ; Default Value      ;
+----------------------------------------------------------------------------+--------------------+--------------------+
; Top-level entity name                                                      ; ALU                ; Verilog1           ;
; Family name                                                                ; Cyclone IV GX      ; Cyclone IV GX      ;
; Use smart compilation                                                      ; Off                ; Off                ;
; Enable parallel Assembler and TimeQuest Timing Analyzer during compilation ; On                 ; On                 ;
; Enable compact report table                                                ; Off                ; Off                ;
; Restructure Multiplexers                                                   ; Auto               ; Auto               ;
; Create Debugging Nodes for IP Cores                                        ; Off                ; Off                ;
; Preserve fewer node names                                                  ; On                 ; On                 ;
; Disable OpenCore Plus hardware evaluation                                  ; Off                ; Off                ;
; Verilog Version                                                            ; Verilog_2001       ; Verilog_2001       ;
; VHDL Version                                                               ; VHDL_1993          ; VHDL_1993          ;
; State Machine Processing                                                   ; Auto               ; Auto               ;
; Safe State Machine                                                         ; Off                ; Off                ;
; Extract Verilog State Machines                                             ; On                 ; On                 ;
; Extract VHDL State Machines                                                ; On                 ; On                 ;
; Ignore Verilog initial constructs                                          ; Off                ; Off                ;
; Iteration limit for constant Verilog loops                                 ; 5000               ; 5000               ;
; Iteration limit for non-constant Verilog loops                             ; 250                ; 250                ;
; Add Pass-Through Logic to Inferred RAMs                                    ; On                 ; On                 ;
; Infer RAMs from Raw Logic                                                  ; On                 ; On                 ;
; Parallel Synthesis                                                         ; On                 ; On                 ;
; DSP Block Balancing                                                        ; Auto               ; Auto               ;
; NOT Gate Push-Back                                                         ; On                 ; On                 ;
; Power-Up Don't Care                                                        ; On                 ; On                 ;
; Remove Redundant Logic Cells                                               ; Off                ; Off                ;
; Remove Duplicate Registers                                                 ; On                 ; On                 ;
; Ignore CARRY Buffers                                                       ; Off                ; Off                ;
; Ignore CASCADE Buffers                                                     ; Off                ; Off                ;
; Ignore GLOBAL Buffers                                                      ; Off                ; Off                ;
; Ignore ROW GLOBAL Buffers                                                  ; Off                ; Off                ;
; Ignore LCELL Buffers                                                       ; Off                ; Off                ;
; Ignore SOFT Buffers                                                        ; On                 ; On                 ;
; Limit AHDL Integers to 32 Bits                                             ; Off                ; Off                ;
; Optimization Technique                                                     ; Balanced           ; Balanced           ;
; Carry Chain Length                                                         ; 70                 ; 70                 ;
; Auto Carry Chains                                                          ; On                 ; On                 ;
; Auto Open-Drain Pins                                                       ; On                 ; On                 ;
; Perform WYSIWYG Primitive Resynthesis                                      ; Off                ; Off                ;
; Auto ROM Replacement                                                       ; On                 ; On                 ;
; Auto RAM Replacement                                                       ; On                 ; On                 ;
; Auto DSP Block Replacement                                                 ; On                 ; On                 ;
; Auto Shift Register Replacement                                            ; Auto               ; Auto               ;
; Allow Shift Register Merging across Hierarchies                            ; Auto               ; Auto               ;
; Auto Clock Enable Replacement                                              ; On                 ; On                 ;
; Strict RAM Replacement                                                     ; Off                ; Off                ;
; Allow Synchronous Control Signals                                          ; On                 ; On                 ;
; Force Use of Synchronous Clear Signals                                     ; Off                ; Off                ;
; Auto RAM Block Balancing                                                   ; On                 ; On                 ;
; Auto RAM to Logic Cell Conversion                                          ; Off                ; Off                ;
; Auto Resource Sharing                                                      ; Off                ; Off                ;
; Allow Any RAM Size For Recognition                                         ; Off                ; Off                ;
; Allow Any ROM Size For Recognition                                         ; Off                ; Off                ;
; Allow Any Shift Register Size For Recognition                              ; Off                ; Off                ;
; Use LogicLock Constraints during Resource Balancing                        ; On                 ; On                 ;
; Ignore translate_off and synthesis_off directives                          ; Off                ; Off                ;
; Timing-Driven Synthesis                                                    ; On                 ; On                 ;
; Report Parameter Settings                                                  ; On                 ; On                 ;
; Report Source Assignments                                                  ; On                 ; On                 ;
; Report Connectivity Checks                                                 ; On                 ; On                 ;
; Ignore Maximum Fan-Out Assignments                                         ; Off                ; Off                ;
; Synchronization Register Chain Length                                      ; 2                  ; 2                  ;
; PowerPlay Power Optimization                                               ; Normal compilation ; Normal compilation ;
; HDL message level                                                          ; Level2             ; Level2             ;
; Suppress Register Optimization Related Messages                            ; Off                ; Off                ;
; Number of Removed Registers Reported in Synthesis Report                   ; 5000               ; 5000               ;
; Number of Swept Nodes Reported in Synthesis Report                         ; 5000               ; 5000               ;
; Number of Inverted Registers Reported in Synthesis Report                  ; 100                ; 100                ;
; Clock MUX Protection                                                       ; On                 ; On                 ;
; Auto Gated Clock Conversion                                                ; Off                ; Off                ;
; Block Design Naming                                                        ; Auto               ; Auto               ;
; SDC constraint protection                                                  ; Off                ; Off                ;
; Synthesis Effort                                                           ; Auto               ; Auto               ;
; Shift Register Replacement - Allow Asynchronous Clear Signal               ; On                 ; On                 ;
; Pre-Mapping Resynthesis Optimization                                       ; Off                ; Off                ;
; Analysis & Synthesis Message Level                                         ; Medium             ; Medium             ;
; Disable Register Merging Across Hierarchies                                ; Auto               ; Auto               ;
; Resource Aware Inference For Block RAM                                     ; On                 ; On                 ;
; Synthesis Seed                                                             ; 1                  ; 1                  ;
+----------------------------------------------------------------------------+--------------------+--------------------+


Parallel compilation was disabled, but you have multiple processors available. Enable parallel compilation to reduce compilation time.
+-------------------------------------+
; Parallel Compilation                ;
+----------------------------+--------+
; Processors                 ; Number ;
+----------------------------+--------+
; Number detected on machine ; 4      ;
; Maximum allowed            ; 1      ;
+----------------------------+--------+


+---------------------------------------------------------------------------------------------------------------------------------------------------------------+
; Analysis & Synthesis Source Files Read                                                                                                                        ;
+----------------------------------+-----------------+------------------------------+-----------------------------------------------------------------+---------+
; File Name with User-Entered Path ; Used in Netlist ; File Type                    ; File Name with Absolute Path                                    ; Library ;
+----------------------------------+-----------------+------------------------------+-----------------------------------------------------------------+---------+
; Verilog1.v                       ; yes             ; User Verilog HDL File        ; C:/Users/Asmal/OneDrive/Desktop/codes/Verilog1.v                ;         ;
; lpm_mult.tdf                     ; yes             ; Megafunction                 ; c:/altera/13.1/quartus/libraries/megafunctions/lpm_mult.tdf     ;         ;
; aglobal131.inc                   ; yes             ; Megafunction                 ; c:/altera/13.1/quartus/libraries/megafunctions/aglobal131.inc   ;         ;
; lpm_add_sub.inc                  ; yes             ; Megafunction                 ; c:/altera/13.1/quartus/libraries/megafunctions/lpm_add_sub.inc  ;         ;
; multcore.inc                     ; yes             ; Megafunction                 ; c:/altera/13.1/quartus/libraries/megafunctions/multcore.inc     ;         ;
; bypassff.inc                     ; yes             ; Megafunction                 ; c:/altera/13.1/quartus/libraries/megafunctions/bypassff.inc     ;         ;
; altshift.inc                     ; yes             ; Megafunction                 ; c:/altera/13.1/quartus/libraries/megafunctions/altshift.inc     ;         ;
; db/mult_4et.tdf                  ; yes             ; Auto-Generated Megafunction  ; C:/Users/Asmal/OneDrive/Desktop/codes/db/mult_4et.tdf           ;         ;
; alt_mac_mult.tdf                 ; yes             ; Megafunction                 ; c:/altera/13.1/quartus/libraries/megafunctions/alt_mac_mult.tdf ;         ;
; lpm_mult.inc                     ; yes             ; Megafunction                 ; c:/altera/13.1/quartus/libraries/megafunctions/lpm_mult.inc     ;         ;
; db/mac_mult_vvg1.tdf             ; yes             ; Auto-Generated Megafunction  ; C:/Users/Asmal/OneDrive/Desktop/codes/db/mac_mult_vvg1.tdf      ;         ;
; db/mult_nrl.tdf                  ; yes             ; Auto-Generated Megafunction  ; C:/Users/Asmal/OneDrive/Desktop/codes/db/mult_nrl.tdf           ;         ;
; alt_mac_out.tdf                  ; yes             ; Megafunction                 ; c:/altera/13.1/quartus/libraries/megafunctions/alt_mac_out.tdf  ;         ;
; alt_zaccum.inc                   ; yes             ; Megafunction                 ; c:/altera/13.1/quartus/libraries/megafunctions/alt_zaccum.inc   ;         ;
; db/mac_out_ov82.tdf              ; yes             ; Auto-Generated Megafunction  ; C:/Users/Asmal/OneDrive/Desktop/codes/db/mac_out_ov82.tdf       ;         ;
+----------------------------------+-----------------+------------------------------+-----------------------------------------------------------------+---------+


+---------------------------------------------+
; Analysis & Synthesis Resource Usage Summary ;
+--------------------------+------------------+
; Resource                 ; Usage            ;
+--------------------------+------------------+
; I/O pins                 ; 29               ;
; DSP block 9-bit elements ; 0                ;
; Maximum fan-out node     ; ALU_Sel[3]~input ;
; Maximum fan-out          ; 18               ;
; Total fan-out            ; 336              ;
; Average fan-out          ; 2.26             ;
+--------------------------+------------------+


+----------------------------------------------------------------------------------------------------------------------------------------------------------------------------------------------------------------------------------------------------------------------------------------------------+
; Analysis & Synthesis Resource Utilization by Entity                                                                                                                                                                                                                                                ;
+--------------------------------------------+-------------------+--------------+-------------+--------------+---------+-----------+-----------+------+--------------+----------------------------------------------------------------------------------------------------------------+--------------+
; Compilation Hierarchy Node                 ; LC Combinationals ; LC Registers ; Memory Bits ; DSP Elements ; DSP 9x9 ; DSP 18x18 ; DSP 36x36 ; Pins ; Virtual Pins ; Full Hierarchy Name                                                                                            ; Library Name ;
+--------------------------------------------+-------------------+--------------+-------------+--------------+---------+-----------+-----------+------+--------------+----------------------------------------------------------------------------------------------------------------+--------------+
; |ALU                                       ; 91 (45)           ; 0 (0)        ; 0           ; 0            ; 0       ; 0         ; 0         ; 29   ; 0            ; |ALU                                                                                                           ; work         ;
;    |lpm_mult:Mult0|                        ; 46 (0)            ; 0 (0)        ; 0           ; 0            ; 0       ; 0         ; 0         ; 0    ; 0            ; |ALU|lpm_mult:Mult0                                                                                            ; work         ;
;       |mult_4et:auto_generated|            ; 46 (0)            ; 0 (0)        ; 0           ; 0            ; 0       ; 0         ; 0         ; 0    ; 0            ; |ALU|lpm_mult:Mult0|mult_4et:auto_generated                                                                    ; work         ;
;          |alt_mac_mult:mac_mult1|          ; 46 (0)            ; 0 (0)        ; 0           ; 0            ; 0       ; 0         ; 0         ; 0    ; 0            ; |ALU|lpm_mult:Mult0|mult_4et:auto_generated|alt_mac_mult:mac_mult1                                             ; work         ;
;             |mac_mult_vvg1:auto_generated| ; 46 (0)            ; 0 (0)        ; 0           ; 0            ; 0       ; 0         ; 0         ; 0    ; 0            ; |ALU|lpm_mult:Mult0|mult_4et:auto_generated|alt_mac_mult:mac_mult1|mac_mult_vvg1:auto_generated                ; work         ;
;                |mult_nrl:mult1|            ; 46 (46)           ; 0 (0)        ; 0           ; 0            ; 0       ; 0         ; 0         ; 0    ; 0            ; |ALU|lpm_mult:Mult0|mult_4et:auto_generated|alt_mac_mult:mac_mult1|mac_mult_vvg1:auto_generated|mult_nrl:mult1 ; work         ;
+--------------------------------------------+-------------------+--------------+-------------+--------------+---------+-----------+-----------+------+--------------+----------------------------------------------------------------------------------------------------------------+--------------+
Note: For table entries with two numbers listed, the numbers in parentheses indicate the number of resources of the given type used by the specific entity alone. The numbers listed outside of parentheses indicate the total resources of the given type used by the specific entity and all of its sub-entities in the hierarchy.


+---------------------------------------------------------------------------------------------------+
; User-Specified and Inferred Latches                                                               ;
+----------------------------------------------------+---------------------+------------------------+
; Latch Name                                         ; Latch Enable Signal ; Free of Timing Hazards ;
+----------------------------------------------------+---------------------+------------------------+
; ALU_Result[0]                                      ; Mux8                ; yes                    ;
; ALU_Result[1]                                      ; Mux8                ; yes                    ;
; ALU_Result[2]                                      ; Mux8                ; yes                    ;
; ALU_Result[3]                                      ; Mux8                ; yes                    ;
; ALU_Result[4]                                      ; Mux8                ; yes                    ;
; ALU_Result[5]                                      ; Mux8                ; yes                    ;
; ALU_Result[6]                                      ; Mux8                ; yes                    ;
; ALU_Result[7]                                      ; Mux8                ; yes                    ;
; Number of user-specified and inferred latches = 8  ;                     ;                        ;
+----------------------------------------------------+---------------------+------------------------+
Note: All latches listed above may not be present at the end of synthesis due to various synthesis optimizations.


+------------------------------------------------------+
; General Register Statistics                          ;
+----------------------------------------------+-------+
; Statistic                                    ; Value ;
+----------------------------------------------+-------+
; Total registers                              ; 0     ;
; Number of registers using Synchronous Clear  ; 0     ;
; Number of registers using Synchronous Load   ; 0     ;
; Number of registers using Asynchronous Clear ; 0     ;
; Number of registers using Asynchronous Load  ; 0     ;
; Number of registers using Clock Enable       ; 0     ;
; Number of registers using Preset             ; 0     ;
+----------------------------------------------+-------+


+------------------------------------------------------------------------------------------------------------------------------------------+
; Multiplexer Restructuring Statistics (Restructuring Performed)                                                                           ;
+--------------------+-----------+---------------+----------------------+------------------------+------------+----------------------------+
; Multiplexer Inputs ; Bus Width ; Baseline Area ; Area if Restructured ; Saving if Restructured ; Registered ; Example Multiplexer Output ;
+--------------------+-----------+---------------+----------------------+------------------------+------------+----------------------------+
; 4:1                ; 8 bits    ; 16 LEs        ; 16 LEs               ; 0 LEs                  ; No         ; |ALU|Mux0                  ;
+--------------------+-----------+---------------+----------------------+------------------------+------------+----------------------------+


+--------------------------------------------------------------------------------------+
; Parameter Settings for Inferred Entity Instance: lpm_mult:Mult0                      ;
+------------------------------------------------+---------------+---------------------+
; Parameter Name                                 ; Value         ; Type                ;
+------------------------------------------------+---------------+---------------------+
; AUTO_CARRY_CHAINS                              ; ON            ; AUTO_CARRY          ;
; IGNORE_CARRY_BUFFERS                           ; OFF           ; IGNORE_CARRY        ;
; AUTO_CASCADE_CHAINS                            ; ON            ; AUTO_CASCADE        ;
; IGNORE_CASCADE_BUFFERS                         ; OFF           ; IGNORE_CASCADE      ;
; LPM_WIDTHA                                     ; 8             ; Untyped             ;
; LPM_WIDTHB                                     ; 8             ; Untyped             ;
; LPM_WIDTHP                                     ; 16            ; Untyped             ;
; LPM_WIDTHR                                     ; 16            ; Untyped             ;
; LPM_WIDTHS                                     ; 1             ; Untyped             ;
; LPM_REPRESENTATION                             ; UNSIGNED      ; Untyped             ;
; LPM_PIPELINE                                   ; 0             ; Untyped             ;
; LATENCY                                        ; 0             ; Untyped             ;
; INPUT_A_IS_CONSTANT                            ; NO            ; Untyped             ;
; INPUT_B_IS_CONSTANT                            ; NO            ; Untyped             ;
; USE_EAB                                        ; OFF           ; Untyped             ;
; MAXIMIZE_SPEED                                 ; 5             ; Untyped             ;
; DEVICE_FAMILY                                  ; Cyclone IV GX ; Untyped             ;
; CARRY_CHAIN                                    ; MANUAL        ; Untyped             ;
; APEX20K_TECHNOLOGY_MAPPER                      ; LUT           ; TECH_MAPPER_APEX20K ;
; DEDICATED_MULTIPLIER_CIRCUITRY                 ; AUTO          ; Untyped             ;
; DEDICATED_MULTIPLIER_MIN_INPUT_WIDTH_FOR_AUTO  ; 0             ; Untyped             ;
; DEDICATED_MULTIPLIER_MIN_OUTPUT_WIDTH_FOR_AUTO ; 0             ; Untyped             ;
; CBXI_PARAMETER                                 ; mult_4et      ; Untyped             ;
; INPUT_A_FIXED_VALUE                            ; Bx            ; Untyped             ;
; INPUT_B_FIXED_VALUE                            ; Bx            ; Untyped             ;
; USE_AHDL_IMPLEMENTATION                        ; OFF           ; Untyped             ;
+------------------------------------------------+---------------+---------------------+
Note: In order to hide this table in the UI and the text report file, please set the "Show Parameter Settings in Synthesis Report" option in "Analysis and Synthesis Settings -> More Settings" to "Off".


+----------------------------------------------------------------------------------------------------------------+
; Parameter Settings for Inferred Entity Instance: lpm_mult:Mult0|mult_4et:auto_generated|alt_mac_mult:mac_mult1 ;
+------------------------------+---------------+-----------------------------------------------------------------+
; Parameter Name               ; Value         ; Type                                                            ;
+------------------------------+---------------+-----------------------------------------------------------------+
; LPM_WIDTHS                   ; 1             ; Untyped                                                         ;
; DATAA_WIDTH                  ; 8             ; Untyped                                                         ;
; DATAB_WIDTH                  ; 8             ; Untyped                                                         ;
; DATAA_CLOCK                  ; NONE          ; Untyped                                                         ;
; DATAB_CLOCK                  ; NONE          ; Untyped                                                         ;
; SIGNA_CLOCK                  ; NONE          ; Untyped                                                         ;
; SIGNB_CLOCK                  ; NONE          ; Untyped                                                         ;
; OUTPUT_CLOCK                 ; NONE          ; Untyped                                                         ;
; DATAA_CLEAR                  ; NONE          ; Untyped                                                         ;
; DATAB_CLEAR                  ; NONE          ; Untyped                                                         ;
; SIGNA_CLEAR                  ; NONE          ; Untyped                                                         ;
; SIGNB_CLEAR                  ; NONE          ; Untyped                                                         ;
; OUTPUT_CLEAR                 ; NONE          ; Untyped                                                         ;
; ROUND_CLOCK                  ; none          ; Untyped                                                         ;
; ROUND_CLEAR                  ; none          ; Untyped                                                         ;
; SATURATE_CLOCK               ; none          ; Untyped                                                         ;
; SATURATE_CLEAR               ; none          ; Untyped                                                         ;
; BYPASS_MULTIPLIER            ; NO            ; Untyped                                                         ;
; DYNAMIC_SCAN_CHAIN_SUPPORTED ; NO            ; Untyped                                                         ;
; USING_ROUNDING               ; NO            ; Untyped                                                         ;
; USING_SATURATION             ; NO            ; Untyped                                                         ;
; EXTRA_OUTPUT_CLOCK           ; none          ; Untyped                                                         ;
; EXTRA_SIGNA_CLOCK            ; none          ; Untyped                                                         ;
; EXTRA_SIGNB_CLOCK            ; none          ; Untyped                                                         ;
; EXTRA_OUTPUT_CLEAR           ; none          ; Untyped                                                         ;
; EXTRA_SIGNA_CLEAR            ; none          ; Untyped                                                         ;
; EXTRA_SIGNB_CLEAR            ; none          ; Untyped                                                         ;
; MULT_PIPELINE                ; 0             ; Untyped                                                         ;
; MULT_CLOCK                   ; NONE          ; Untyped                                                         ;
; MULT_CLEAR                   ; NONE          ; Untyped                                                         ;
; MULT_REPRESENTATION_A        ; UNSIGNED      ; Untyped                                                         ;
; MULT_REPRESENTATION_B        ; UNSIGNED      ; Untyped                                                         ;
; MULT_INPUT_A_IS_CONSTANT     ; NO            ; Untyped                                                         ;
; MULT_INPUT_B_IS_CONSTANT     ; NO            ; Untyped                                                         ;
; MULT_INPUT_A_FIXED_VALUE     ; Bx            ; Untyped                                                         ;
; MULT_INPUT_B_FIXED_VALUE     ; Bx            ; Untyped                                                         ;
; MULT_MAXIMIZE_SPEED          ; 5             ; Untyped                                                         ;
; CBXI_PARAMETER               ; mac_mult_vvg1 ; Untyped                                                         ;
+------------------------------+---------------+-----------------------------------------------------------------+
Note: In order to hide this table in the UI and the text report file, please set the "Show Parameter Settings in Synthesis Report" option in "Analysis and Synthesis Settings -> More Settings" to "Off".


+--------------------------------------------------------------------------------------------------------------+
; Parameter Settings for Inferred Entity Instance: lpm_mult:Mult0|mult_4et:auto_generated|alt_mac_out:mac_out2 ;
+-------------------------------+--------------+---------------------------------------------------------------+
; Parameter Name                ; Value        ; Type                                                          ;
+-------------------------------+--------------+---------------------------------------------------------------+
; OPERATION_MODE                ; OUTPUT_ONLY  ; Untyped                                                       ;
; DATAA_WIDTH                   ; 16           ; Untyped                                                       ;
; DATAB_WIDTH                   ; 0            ; Untyped                                                       ;
; DATAC_WIDTH                   ; 0            ; Untyped                                                       ;
; DATAD_WIDTH                   ; 0            ; Untyped                                                       ;
; ADDNSUB0_CLOCK                ; NONE         ; Untyped                                                       ;
; ADDNSUB1_CLOCK                ; NONE         ; Untyped                                                       ;
; ROUND0_CLOCK                  ; none         ; Untyped                                                       ;
; ROUND1_CLOCK                  ; none         ; Untyped                                                       ;
; SATURATE_CLOCK                ; none         ; Untyped                                                       ;
; MULTABSATURATE_CLOCK          ; none         ; Untyped                                                       ;
; MULTCDSATURATE_CLOCK          ; none         ; Untyped                                                       ;
; ZEROACC_CLOCK                 ; NONE         ; Untyped                                                       ;
; SIGNA_CLOCK                   ; NONE         ; Untyped                                                       ;
; SIGNB_CLOCK                   ; NONE         ; Untyped                                                       ;
; OUTPUT_CLOCK                  ; NONE         ; Untyped                                                       ;
; ADDNSUB0_CLEAR                ; NONE         ; Untyped                                                       ;
; ADDNSUB1_CLEAR                ; NONE         ; Untyped                                                       ;
; ROUND0_CLEAR                  ; none         ; Untyped                                                       ;
; ROUND1_CLEAR                  ; none         ; Untyped                                                       ;
; SATURATE_CLEAR                ; none         ; Untyped                                                       ;
; MULTABSATURATE_CLEAR          ; none         ; Untyped                                                       ;
; MULTCDSATURATE_CLEAR          ; none         ; Untyped                                                       ;
; ZEROACC_CLEAR                 ; NONE         ; Untyped                                                       ;
; SIGNA_CLEAR                   ; NONE         ; Untyped                                                       ;
; SIGNB_CLEAR                   ; NONE         ; Untyped                                                       ;
; OUTPUT_CLEAR                  ; NONE         ; Untyped                                                       ;
; ADDNSUB0_PIPELINE_CLOCK       ; NONE         ; Untyped                                                       ;
; ADDNSUB1_PIPELINE_CLOCK       ; NONE         ; Untyped                                                       ;
; ROUND0_PIPELINE_CLOCK         ; none         ; Untyped                                                       ;
; ROUND1_PIPELINE_CLOCK         ; none         ; Untyped                                                       ;
; SATURATE_PIPELINE_CLOCK       ; none         ; Untyped                                                       ;
; MULTABSATURATE_PIPELINE_CLOCK ; none         ; Untyped                                                       ;
; MULTCDSATURATE_PIPELINE_CLOCK ; none         ; Untyped                                                       ;
; ZEROACC_PIPELINE_CLOCK        ; NONE         ; Untyped                                                       ;
; SIGNA_PIPELINE_CLOCK          ; NONE         ; Untyped                                                       ;
; SIGNB_PIPELINE_CLOCK          ; NONE         ; Untyped                                                       ;
; ADDNSUB0_PIPELINE_CLEAR       ; NONE         ; Untyped                                                       ;
; ADDNSUB1_PIPELINE_CLEAR       ; NONE         ; Untyped                                                       ;
; ROUND0_PIPELINE_CLEAR         ; none         ; Untyped                                                       ;
; ROUND1_PIPELINE_CLEAR         ; none         ; Untyped                                                       ;
; SATURATE_PIPELINE_CLEAR       ; none         ; Untyped                                                       ;
; MULTABSATURATE_PIPELINE_CLEAR ; none         ; Untyped                                                       ;
; MULTCDSATURATE_PIPELINE_CLEAR ; none         ; Untyped                                                       ;
; ZEROACC_PIPELINE_CLEAR        ; NONE         ; Untyped                                                       ;
; SIGNA_PIPELINE_CLEAR          ; NONE         ; Untyped                                                       ;
; SIGNB_PIPELINE_CLEAR          ; NONE         ; Untyped                                                       ;
; MODE0_CLOCK                   ; none         ; Untyped                                                       ;
; MODE1_CLOCK                   ; none         ; Untyped                                                       ;
; ZEROACC1_CLOCK                ; none         ; Untyped                                                       ;
; SATURATE1_CLOCK               ; none         ; Untyped                                                       ;
; OUTPUT1_CLOCK                 ; none         ; Untyped                                                       ;
; OUTPUT2_CLOCK                 ; none         ; Untyped                                                       ;
; OUTPUT3_CLOCK                 ; none         ; Untyped                                                       ;
; OUTPUT4_CLOCK                 ; none         ; Untyped                                                       ;
; OUTPUT5_CLOCK                 ; none         ; Untyped                                                       ;
; OUTPUT6_CLOCK                 ; none         ; Untyped                                                       ;
; OUTPUT7_CLOCK                 ; none         ; Untyped                                                       ;
; MODE0_CLEAR                   ; none         ; Untyped                                                       ;
; MODE1_CLEAR                   ; none         ; Untyped                                                       ;
; ZEROACC1_CLEAR                ; none         ; Untyped                                                       ;
; SATURATE1_CLEAR               ; none         ; Untyped                                                       ;
; OUTPUT1_CLEAR                 ; none         ; Untyped                                                       ;
; OUTPUT2_CLEAR                 ; none         ; Untyped                                                       ;
; OUTPUT3_CLEAR                 ; none         ; Untyped                                                       ;
; OUTPUT4_CLEAR                 ; none         ; Untyped                                                       ;
; OUTPUT5_CLEAR                 ; none         ; Untyped                                                       ;
; OUTPUT6_CLEAR                 ; none         ; Untyped                                                       ;
; OUTPUT7_CLEAR                 ; none         ; Untyped                                                       ;
; MODE0_PIPELINE_CLOCK          ; none         ; Untyped                                                       ;
; MODE1_PIPELINE_CLOCK          ; none         ; Untyped                                                       ;
; ZEROACC1_PIPELINE_CLOCK       ; none         ; Untyped                                                       ;
; SATURATE1_PIPELINE_CLOCK      ; none         ; Untyped                                                       ;
; MODE0_PIPELINE_CLEAR          ; none         ; Untyped                                                       ;
; MODE1_PIPELINE_CLEAR          ; none         ; Untyped                                                       ;
; ZEROACC1_PIPELINE_CLEAR       ; none         ; Untyped                                                       ;
; SATURATE1_PIPELINE_CLEAR      ; none         ; Untyped                                                       ;
; FIRST_ADDER0_CLOCK            ; NONE         ; Untyped                                                       ;
; FIRST_ADDER1_CLOCK            ; NONE         ; Untyped                                                       ;
; FIRST_ADDER0_CLEAR            ; NONE         ; Untyped                                                       ;
; FIRST_ADDER1_CLEAR            ; NONE         ; Untyped                                                       ;
; DATAA_FORCED_TO_ZERO          ; NO           ; Untyped                                                       ;
; DATAC_FORCED_TO_ZERO          ; NO           ; Untyped                                                       ;
; USING_ROUNDING                ; NO           ; Untyped                                                       ;
; USING_SATURATION              ; NO           ; Untyped                                                       ;
; USING_MULT_SATURATION         ; NO           ; Untyped                                                       ;
; USING_LOADABLE_ACCUM          ; NO           ; Untyped                                                       ;
; LOADABLE_ACCUM_SUPPORTED      ; NO           ; Untyped                                                       ;
; USING_CHAINOUT                ; NO           ; Untyped                                                       ;
; CHAININ_WIDTH                 ; 0            ; Untyped                                                       ;
; CHAINOUT_PIPELINE_CLOCK       ; none         ; Untyped                                                       ;
; CHAINOUT_PIPELINE_CLEAR       ; none         ; Untyped                                                       ;
; CBXI_PARAMETER                ; mac_out_ov82 ; Untyped                                                       ;
+-------------------------------+--------------+---------------------------------------------------------------+
Note: In order to hide this table in the UI and the text report file, please set the "Show Parameter Settings in Synthesis Report" option in "Analysis and Synthesis Settings -> More Settings" to "Off".


+--------------------------------------------------------+
; lpm_mult Parameter Settings by Entity Instance         ;
+---------------------------------------+----------------+
; Name                                  ; Value          ;
+---------------------------------------+----------------+
; Number of entity instances            ; 1              ;
; Entity Instance                       ; lpm_mult:Mult0 ;
;     -- LPM_WIDTHA                     ; 8              ;
;     -- LPM_WIDTHB                     ; 8              ;
;     -- LPM_WIDTHP                     ; 16             ;
;     -- LPM_REPRESENTATION             ; UNSIGNED       ;
;     -- INPUT_A_IS_CONSTANT            ; NO             ;
;     -- INPUT_B_IS_CONSTANT            ; NO             ;
;     -- USE_EAB                        ; OFF            ;
;     -- DEDICATED_MULTIPLIER_CIRCUITRY ; AUTO           ;
;     -- INPUT_A_FIXED_VALUE            ; Bx             ;
;     -- INPUT_B_FIXED_VALUE            ; Bx             ;
+---------------------------------------+----------------+


+-------------------------------+
; Elapsed Time Per Partition    ;
+----------------+--------------+
; Partition Name ; Elapsed Time ;
+----------------+--------------+
; Top            ; 00:00:03     ;
+----------------+--------------+


+-------------------------------+
; Analysis & Synthesis Messages ;
+-------------------------------+
Info: *******************************************************************
Info: Running Quartus II 64-Bit Analysis & Synthesis
    Info: Version 13.1.0 Build 162 10/23/2013 SJ Web Edition
    Info: Processing started: Tue Jan 09 14:14:35 2024
Info: Command: quartus_map --read_settings_files=on --write_settings_files=off Verilog1 -c Verilog1
Warning (20028): Parallel compilation is not licensed and has been disabled
Info (12021): Found 1 design units, including 1 entities, in source file verilog1.v
    Info (12023): Found entity 1: ALU
Info (12127): Elaborating entity "ALU" for the top level hierarchy
Warning (10270): Verilog HDL Case Statement warning at Verilog1.v(16): incomplete case statement has no default case item
Warning (10240): Verilog HDL Always Construct warning at Verilog1.v(16): inferring latch(es) for variable "ALU_Result", which holds its previous value in one or more paths through the always construct
Info (10041): Inferred latch for "ALU_Result[0]" at Verilog1.v(16)
Info (10041): Inferred latch for "ALU_Result[1]" at Verilog1.v(16)
Info (10041): Inferred latch for "ALU_Result[2]" at Verilog1.v(16)
Info (10041): Inferred latch for "ALU_Result[3]" at Verilog1.v(16)
Info (10041): Inferred latch for "ALU_Result[4]" at Verilog1.v(16)
Info (10041): Inferred latch for "ALU_Result[5]" at Verilog1.v(16)
Info (10041): Inferred latch for "ALU_Result[6]" at Verilog1.v(16)
Info (10041): Inferred latch for "ALU_Result[7]" at Verilog1.v(16)
Info (278001): Inferred 1 megafunctions from design logic
    Info (278003): Inferred multiplier megafunction ("lpm_mult") from the following logic: "Mult0"
Info (12130): Elaborated megafunction instantiation "lpm_mult:Mult0"
Info (12133): Instantiated megafunction "lpm_mult:Mult0" with the following parameter:
    Info (12134): Parameter "LPM_WIDTHA" = "8"
    Info (12134): Parameter "LPM_WIDTHB" = "8"
    Info (12134): Parameter "LPM_WIDTHP" = "16"
    Info (12134): Parameter "LPM_WIDTHR" = "16"
    Info (12134): Parameter "LPM_WIDTHS" = "1"
    Info (12134): Parameter "LPM_REPRESENTATION" = "UNSIGNED"
    Info (12134): Parameter "INPUT_A_IS_CONSTANT" = "NO"
    Info (12134): Parameter "INPUT_B_IS_CONSTANT" = "NO"
    Info (12134): Parameter "MAXIMIZE_SPEED" = "5"
Info (12021): Found 1 design units, including 1 entities, in source file db/mult_4et.tdf
    Info (12023): Found entity 1: mult_4et
Info (270001): Converted 1 DSP block slices
    Info (270002): Used 1 DSP blocks before DSP block balancing
        Info (270003): Used 1 DSP block slices in "Simple Multiplier (9-bit)" mode implemented in approximately 1 DSP blocks
    Info (270013): Converted the following 1 DSP block slices to logic elements
        Info (270006): DSP block slice in "Simple Multiplier (9-bit)" mode with output node "lpm_mult:Mult0|mult_4et:auto_generated|mac_out2"
            Info (270004): DSP block output node "lpm_mult:Mult0|mult_4et:auto_generated|mac_out2"
            Info (270005): DSP block multiplier node "lpm_mult:Mult0|mult_4et:auto_generated|mac_mult1"
    Info (270002): Used 0 DSP blocks after DSP block balancing
Info (12130): Elaborated megafunction instantiation "lpm_mult:Mult0|mult_4et:auto_generated|alt_mac_mult:mac_mult1"
Info (12133): Instantiated megafunction "lpm_mult:Mult0|mult_4et:auto_generated|alt_mac_mult:mac_mult1" with the following parameter:
    Info (12134): Parameter "MULT_REPRESENTATION_A" = "UNSIGNED"
    Info (12134): Parameter "MULT_REPRESENTATION_B" = "UNSIGNED"
    Info (12134): Parameter "MULT_PIPELINE" = "0"
    Info (12134): Parameter "MULT_CLOCK" = "NONE"
    Info (12134): Parameter "MULT_CLEAR" = "NONE"
    Info (12134): Parameter "MULT_INPUT_A_IS_CONSTANT" = "NO"
    Info (12134): Parameter "MULT_INPUT_B_IS_CONSTANT" = "NO"
    Info (12134): Parameter "dataa_width" = "8"
    Info (12134): Parameter "datab_width" = "8"
    Info (12134): Parameter "output_width" = "16"
    Info (12134): Parameter "dataa_clock" = "NONE"
    Info (12134): Parameter "datab_clock" = "NONE"
    Info (12134): Parameter "signa_clock" = "NONE"
    Info (12134): Parameter "signb_clock" = "NONE"
    Info (12134): Parameter "output_clock" = "NONE"
    Info (12134): Parameter "dataa_clear" = "NONE"
    Info (12134): Parameter "datab_clear" = "NONE"
    Info (12134): Parameter "signa_clear" = "NONE"
    Info (12134): Parameter "signb_clear" = "NONE"
    Info (12134): Parameter "output_clear" = "NONE"
Info (12021): Found 1 design units, including 1 entities, in source file db/mac_mult_vvg1.tdf
    Info (12023): Found entity 1: mac_mult_vvg1
Info (12021): Found 1 design units, including 1 entities, in source file db/mult_nrl.tdf
    Info (12023): Found entity 1: mult_nrl
Info (12130): Elaborated megafunction instantiation "lpm_mult:Mult0|mult_4et:auto_generated|alt_mac_out:mac_out2"
Info (12133): Instantiated megafunction "lpm_mult:Mult0|mult_4et:auto_generated|alt_mac_out:mac_out2" with the following parameter:
    Info (12134): Parameter "OPERATION_MODE" = "OUTPUT_ONLY"
    Info (12134): Parameter "dataa_width" = "16"
    Info (12134): Parameter "datab_width" = "0"
    Info (12134): Parameter "datac_width" = "0"
    Info (12134): Parameter "datad_width" = "0"
    Info (12134): Parameter "output_width" = "16"
    Info (12134): Parameter "signa_clock" = "NONE"
    Info (12134): Parameter "signb_clock" = "NONE"
    Info (12134): Parameter "addnsub0_clock" = "NONE"
    Info (12134): Parameter "addnsub1_clock" = "NONE"
    Info (12134): Parameter "zeroacc_clock" = "NONE"
    Info (12134): Parameter "first_adder0_clock" = "NONE"
    Info (12134): Parameter "first_adder1_clock" = "NONE"
    Info (12134): Parameter "output_clock" = "NONE"
    Info (12134): Parameter "signa_clear" = "NONE"
    Info (12134): Parameter "signb_clear" = "NONE"
    Info (12134): Parameter "addnsub0_clear" = "NONE"
    Info (12134): Parameter "addnsub1_clear" = "NONE"
    Info (12134): Parameter "zeroacc_clear" = "NONE"
    Info (12134): Parameter "first_adder0_clear" = "NONE"
    Info (12134): Parameter "first_adder1_clear" = "NONE"
    Info (12134): Parameter "output_clear" = "NONE"
    Info (12134): Parameter "signa_pipeline_clock" = "NONE"
    Info (12134): Parameter "signb_pipeline_clock" = "NONE"
    Info (12134): Parameter "addnsub0_pipeline_clock" = "NONE"
    Info (12134): Parameter "addnsub1_pipeline_clock" = "NONE"
    Info (12134): Parameter "zeroacc_pipeline_clock" = "NONE"
    Info (12134): Parameter "signa_pipeline_clear" = "NONE"
    Info (12134): Parameter "signb_pipeline_clear" = "NONE"
    Info (12134): Parameter "addnsub0_pipeline_clear" = "NONE"
    Info (12134): Parameter "addnsub1_pipeline_clear" = "NONE"
    Info (12134): Parameter "zeroacc_pipeline_clear" = "NONE"
Info (12021): Found 1 design units, including 1 entities, in source file db/mac_out_ov82.tdf
    Info (12023): Found entity 1: mac_out_ov82
Warning (14284): Synthesized away the following node(s):
    Warning (14285): Synthesized away the following LCELL buffer node(s):
        Warning (14320): Synthesized away node "lpm_mult:Mult0|mult_4et:auto_generated|alt_mac_mult:mac_mult1|mac_mult_vvg1:auto_generated|mult_nrl:mult1|le4a[9]"
        Warning (14320): Synthesized away node "lpm_mult:Mult0|mult_4et:auto_generated|alt_mac_mult:mac_mult1|mac_mult_vvg1:auto_generated|mult_nrl:mult1|le6a[9]"
        Warning (14320): Synthesized away node "lpm_mult:Mult0|mult_4et:auto_generated|alt_mac_mult:mac_mult1|mac_mult_vvg1:auto_generated|mult_nrl:mult1|le6a[8]"
        Warning (14320): Synthesized away node "lpm_mult:Mult0|mult_4et:auto_generated|alt_mac_mult:mac_mult1|mac_mult_vvg1:auto_generated|mult_nrl:mult1|le6a[4]"
        Warning (14320): Synthesized away node "lpm_mult:Mult0|mult_4et:auto_generated|alt_mac_mult:mac_mult1|mac_mult_vvg1:auto_generated|mult_nrl:mult1|le7a[9]"
        Warning (14320): Synthesized away node "lpm_mult:Mult0|mult_4et:auto_generated|alt_mac_mult:mac_mult1|mac_mult_vvg1:auto_generated|mult_nrl:mult1|le7a[8]"
        Warning (14320): Synthesized away node "lpm_mult:Mult0|mult_4et:auto_generated|alt_mac_mult:mac_mult1|mac_mult_vvg1:auto_generated|mult_nrl:mult1|le7a[7]"
        Warning (14320): Synthesized away node "lpm_mult:Mult0|mult_4et:auto_generated|alt_mac_mult:mac_mult1|mac_mult_vvg1:auto_generated|mult_nrl:mult1|le7a[6]"
        Warning (14320): Synthesized away node "lpm_mult:Mult0|mult_4et:auto_generated|alt_mac_mult:mac_mult1|mac_mult_vvg1:auto_generated|mult_nrl:mult1|le7a[5]"
        Warning (14320): Synthesized away node "lpm_mult:Mult0|mult_4et:auto_generated|alt_mac_mult:mac_mult1|mac_mult_vvg1:auto_generated|mult_nrl:mult1|le7a[4]"
        Warning (14320): Synthesized away node "lpm_mult:Mult0|mult_4et:auto_generated|alt_mac_mult:mac_mult1|mac_mult_vvg1:auto_generated|mult_nrl:mult1|le7a[3]"
        Warning (14320): Synthesized away node "lpm_mult:Mult0|mult_4et:auto_generated|alt_mac_mult:mac_mult1|mac_mult_vvg1:auto_generated|mult_nrl:mult1|le7a[2]"
        Warning (14320): Synthesized away node "lpm_mult:Mult0|mult_4et:auto_generated|alt_mac_mult:mac_mult1|mac_mult_vvg1:auto_generated|mult_nrl:mult1|le8a[8]"
        Warning (14320): Synthesized away node "lpm_mult:Mult0|mult_4et:auto_generated|alt_mac_mult:mac_mult1|mac_mult_vvg1:auto_generated|mult_nrl:mult1|le8a[7]"
        Warning (14320): Synthesized away node "lpm_mult:Mult0|mult_4et:auto_generated|alt_mac_mult:mac_mult1|mac_mult_vvg1:auto_generated|mult_nrl:mult1|le8a[6]"
        Warning (14320): Synthesized away node "lpm_mult:Mult0|mult_4et:auto_generated|alt_mac_mult:mac_mult1|mac_mult_vvg1:auto_generated|mult_nrl:mult1|le8a[5]"
        Warning (14320): Synthesized away node "lpm_mult:Mult0|mult_4et:auto_generated|alt_mac_mult:mac_mult1|mac_mult_vvg1:auto_generated|mult_nrl:mult1|le8a[4]"
        Warning (14320): Synthesized away node "lpm_mult:Mult0|mult_4et:auto_generated|alt_mac_mult:mac_mult1|mac_mult_vvg1:auto_generated|mult_nrl:mult1|le8a[3]"
        Warning (14320): Synthesized away node "lpm_mult:Mult0|mult_4et:auto_generated|alt_mac_mult:mac_mult1|mac_mult_vvg1:auto_generated|mult_nrl:mult1|le8a[2]"
        Warning (14320): Synthesized away node "lpm_mult:Mult0|mult_4et:auto_generated|alt_mac_mult:mac_mult1|mac_mult_vvg1:auto_generated|mult_nrl:mult1|le8a[1]"
Warning (14284): Synthesized away the following node(s):
    Warning (14285): Synthesized away the following LCELL buffer node(s):
        Warning (14320): Synthesized away node "lpm_mult:Mult0|mult_4et:auto_generated|alt_mac_mult:mac_mult1|mac_mult_vvg1:auto_generated|mult_nrl:mult1|le4a[8]"
        Warning (14320): Synthesized away node "lpm_mult:Mult0|mult_4et:auto_generated|alt_mac_mult:mac_mult1|mac_mult_vvg1:auto_generated|mult_nrl:mult1|le5a[9]"
        Warning (14320): Synthesized away node "lpm_mult:Mult0|mult_4et:auto_generated|alt_mac_mult:mac_mult1|mac_mult_vvg1:auto_generated|mult_nrl:mult1|le5a[8]"
        Warning (14320): Synthesized away node "lpm_mult:Mult0|mult_4et:auto_generated|alt_mac_mult:mac_mult1|mac_mult_vvg1:auto_generated|mult_nrl:mult1|le5a[7]"
        Warning (14320): Synthesized away node "lpm_mult:Mult0|mult_4et:auto_generated|alt_mac_mult:mac_mult1|mac_mult_vvg1:auto_generated|mult_nrl:mult1|le5a[6]"
        Warning (14320): Synthesized away node "lpm_mult:Mult0|mult_4et:auto_generated|alt_mac_mult:mac_mult1|mac_mult_vvg1:auto_generated|mult_nrl:mult1|le6a[7]"
        Warning (14320): Synthesized away node "lpm_mult:Mult0|mult_4et:auto_generated|alt_mac_mult:mac_mult1|mac_mult_vvg1:auto_generated|mult_nrl:mult1|le6a[6]"
        Warning (14320): Synthesized away node "lpm_mult:Mult0|mult_4et:auto_generated|alt_mac_mult:mac_mult1|mac_mult_vvg1:auto_generated|mult_nrl:mult1|le6a[5]"
Info (13014): Ignored 62 buffer(s)
    Info (13016): Ignored 8 CARRY_SUM buffer(s)
    Info (13019): Ignored 54 SOFT buffer(s)
Warning (13012): Latch ALU_Result[0] has unsafe behavior
    Warning (13013): Ports D and ENA on the latch are fed by the same signal ALU_Sel[1]
Warning (13012): Latch ALU_Result[1] has unsafe behavior
    Warning (13013): Ports D and ENA on the latch are fed by the same signal ALU_Sel[1]
Warning (13012): Latch ALU_Result[2] has unsafe behavior
    Warning (13013): Ports D and ENA on the latch are fed by the same signal ALU_Sel[3]
Warning (13012): Latch ALU_Result[3] has unsafe behavior
    Warning (13013): Ports D and ENA on the latch are fed by the same signal ALU_Sel[1]
Warning (13012): Latch ALU_Result[4] has unsafe behavior
    Warning (13013): Ports D and ENA on the latch are fed by the same signal ALU_Sel[3]
Warning (13012): Latch ALU_Result[5] has unsafe behavior
    Warning (13013): Ports D and ENA on the latch are fed by the same signal ALU_Sel[1]
Warning (13012): Latch ALU_Result[6] has unsafe behavior
    Warning (13013): Ports D and ENA on the latch are fed by the same signal ALU_Sel[3]
Warning (13012): Latch ALU_Result[7] has unsafe behavior
    Warning (13013): Ports D and ENA on the latch are fed by the same signal ALU_Sel[1]
Info (286030): Timing-Driven Synthesis is running
Info (16010): Generating hard_block partition "hard_block:auto_generated_inst"
    Info (16011): Adding 0 node(s), including 0 DDIO, 0 PLL, 0 transceiver and 0 LCELL
Info (21057): Implemented 120 device resources after synthesis - the final resource count might be different
    Info (21058): Implemented 20 input pins
    Info (21059): Implemented 9 output pins
    Info (21061): Implemented 91 logic cells
Info: Quartus II 64-Bit Analysis & Synthesis was successful. 0 errors, 51 warnings
    Info: Peak virtual memory: 4671 megabytes
    Info: Processing ended: Tue Jan 09 14:14:43 2024
    Info: Elapsed time: 00:00:08
    Info: Total CPU time (on all processors): 00:00:05


